<?xml version="1.0" encoding="UTF-8"?>
<coverage generated="1494964594055" clover="3.2.0">
  <project timestamp="1494964594055" name="All files">
    <metrics statements="16" coveredstatements="16" conditionals="4" coveredconditionals="3" methods="8" coveredmethods="8" elements="28" coveredelements="27" complexity="0" loc="16" ncloc="16" packages="1" files="1" classes="1">
      <file name="htmlParser.js" path="/Users/maarten/dev/node/json2html/src/htmlParser.js">
        <metrics statements="16" coveredstatements="16" conditionals="4" coveredconditionals="3" methods="8" coveredmethods="8"/>
        <line num="1" count="7" type="cond" truecount="1" falsecount="1"/>
        <line num="3" count="1" type="stmt"/>
        <line num="4" count="3" type="stmt"/>
        <line num="5" count="5" type="stmt"/>
        <line num="6" count="1" type="stmt"/>
        <line num="10" count="1" type="stmt"/>
        <line num="11" count="10" type="stmt"/>
        <line num="12" count="3" type="stmt"/>
        <line num="14" count="3" type="stmt"/>
        <line num="16" count="3" type="stmt"/>
        <line num="20" count="1" type="stmt"/>
        <line num="21" count="9" type="stmt"/>
        <line num="22" count="10" type="stmt"/>
        <line num="24" count="10" type="cond" truecount="2" falsecount="0"/>
        <line num="25" count="3" type="stmt"/>
        <line num="33" count="7" type="stmt"/>
      </file>
    </metrics>
  </project>
</coverage>
