{"/Users/maarten/dev/node/json2html/src/htmlParser.js": {"path":"/Users/maarten/dev/node/json2html/src/htmlParser.js","statementMap":{"0":{"start":{"line":1,"column":21},"end":{"line":1,"column":52}},"1":{"start":{"line":1,"column":26},"end":{"line":1,"column":52}},"2":{"start":{"line":3,"column":27},"end":{"line":8,"column":1}},"3":{"start":{"line":4,"column":4},"end":{"line":7,"column":18}},"4":{"start":{"line":5,"column":21},"end":{"line":5,"column":50}},"5":{"start":{"line":6,"column":18},"end":{"line":6,"column":31}},"6":{"start":{"line":10,"column":22},"end":{"line":18,"column":1}},"7":{"start":{"line":11,"column":4},"end":{"line":17,"column":11}},"8":{"start":{"line":12,"column":26},"end":{"line":12,"column":62}},"9":{"start":{"line":14,"column":8},"end":{"line":14,"column":57}},"10":{"start":{"line":16,"column":8},"end":{"line":16,"column":26}},"11":{"start":{"line":20,"column":19},"end":{"line":39,"column":1}},"12":{"start":{"line":21,"column":4},"end":{"line":38,"column":7}},"13":{"start":{"line":22,"column":28},"end":{"line":22,"column":48}},"14":{"start":{"line":24,"column":8},"end":{"line":31,"column":9}},"15":{"start":{"line":25,"column":12},"end":{"line":30,"column":14}},"16":{"start":{"line":33,"column":8},"end":{"line":37,"column":10}}},"fnMap":{"0":{"name":"(anonymous_0)","decl":{"start":{"line":1,"column":21},"end":{"line":1,"column":22}},"loc":{"start":{"line":1,"column":26},"end":{"line":1,"column":52}},"line":1},"1":{"name":"(anonymous_1)","decl":{"start":{"line":3,"column":27},"end":{"line":3,"column":28}},"loc":{"start":{"line":3,"column":36},"end":{"line":8,"column":1}},"line":3},"2":{"name":"(anonymous_2)","decl":{"start":{"line":5,"column":16},"end":{"line":5,"column":17}},"loc":{"start":{"line":5,"column":21},"end":{"line":5,"column":50}},"line":5},"3":{"name":"(anonymous_3)","decl":{"start":{"line":6,"column":13},"end":{"line":6,"column":14}},"loc":{"start":{"line":6,"column":18},"end":{"line":6,"column":31}},"line":6},"4":{"name":"(anonymous_4)","decl":{"start":{"line":10,"column":22},"end":{"line":10,"column":23}},"loc":{"start":{"line":10,"column":30},"end":{"line":18,"column":1}},"line":10},"5":{"name":"(anonymous_5)","decl":{"start":{"line":11,"column":47},"end":{"line":11,"column":48}},"loc":{"start":{"line":11,"column":84},"end":{"line":17,"column":5}},"line":11},"6":{"name":"(anonymous_6)","decl":{"start":{"line":20,"column":19},"end":{"line":20,"column":20}},"loc":{"start":{"line":20,"column":28},"end":{"line":39,"column":1}},"line":20},"7":{"name":"(anonymous_7)","decl":{"start":{"line":21,"column":26},"end":{"line":21,"column":27}},"loc":{"start":{"line":21,"column":34},"end":{"line":38,"column":5}},"line":21}},"branchMap":{"0":{"loc":{"start":{"line":1,"column":26},"end":{"line":1,"column":52}},"type":"cond-expr","locations":[{"start":{"line":1,"column":39},"end":{"line":1,"column":47}},{"start":{"line":1,"column":50},"end":{"line":1,"column":52}}],"line":1},"1":{"loc":{"start":{"line":24,"column":8},"end":{"line":31,"column":9}},"type":"if","locations":[{"start":{"line":24,"column":8},"end":{"line":31,"column":9}},{"start":{"line":24,"column":8},"end":{"line":31,"column":9}}],"line":24}},"s":{"0":1,"1":7,"2":1,"3":3,"4":5,"5":1,"6":1,"7":10,"8":3,"9":3,"10":3,"11":1,"12":9,"13":10,"14":10,"15":3,"16":7},"f":{"0":7,"1":3,"2":5,"3":1,"4":10,"5":3,"6":9,"7":10},"b":{"0":[7,0],"1":[3,7]},"_coverageSchema":"332fd63041d2c1bcb487cc26dd0d5f7d97098a6c","hash":"529badc5a4cbcf7a87270efc249c05a3db56e7d9"}
}
