TN:
SF:/Users/maarten/dev/node/json2html/src/htmlParser.js
FN:1,(anonymous_0)
FN:3,(anonymous_1)
FN:5,(anonymous_2)
FN:6,(anonymous_3)
FN:10,(anonymous_4)
FN:11,(anonymous_5)
FN:20,(anonymous_6)
FN:21,(anonymous_7)
FNF:8
FNH:8
FNDA:7,(anonymous_0)
FNDA:3,(anonymous_1)
FNDA:5,(anonymous_2)
FNDA:1,(anonymous_3)
FNDA:10,(anonymous_4)
FNDA:3,(anonymous_5)
FNDA:9,(anonymous_6)
FNDA:10,(anonymous_7)
DA:1,7
DA:3,1
DA:4,3
DA:5,5
DA:6,1
DA:10,1
DA:11,10
DA:12,3
DA:14,3
DA:16,3
DA:20,1
DA:21,9
DA:22,10
DA:24,10
DA:25,3
DA:33,7
LF:16
LH:16
BRDA:1,0,0,7
BRDA:1,0,1,0
BRDA:24,1,0,3
BRDA:24,1,1,7
BRF:4
BRH:3
end_of_record
